<?xml version="1.0" encoding="UTF-8"?>
<!-- Generated by org.testng.reporters.JUnitReportReporter -->
<testsuite skipped="0" hostname="PC441585" name="mainEvent.Run.LoginTC_01" tests="2" failures="0" timestamp="21 May 2019 12:04:28 GMT" time="117.716" errors="0">
  <testcase name="popupClose" time="11.845" classname="mainEvent.Run.LoginTC_01"/>
  <testcase name="LoginValidations" time="105.871" classname="mainEvent.Run.LoginTC_01"/>
</testsuite> <!-- mainEvent.Run.LoginTC_01 -->
