<?xml version="1.0" encoding="UTF-8"?>
<!-- Generated by org.testng.reporters.JUnitReportReporter -->
<testsuite skipped="0" hostname="PC441585" name="mainEvent.Run.BowlingFlowTC_08" tests="7" failures="0" timestamp="06 Jun 2019 12:20:12 GMT" time="173.402" errors="0">
  <testcase name="popupClose" time="11.708" classname="mainEvent.Run.BowlingFlowTC_08"/>
  <testcase name="BowlingReserveBttn" time="11.811" classname="mainEvent.Run.BowlingFlowTC_08"/>
  <testcase name="LocationSearchFunctionalityValidations" time="13.016" classname="mainEvent.Run.BowlingFlowTC_08"/>
  <testcase name="verifySearchLocationFillValidationAndNavigation" time="63.676" classname="mainEvent.Run.BowlingFlowTC_08"/>
  <testcase name="SelectTimePageValidations" time="42.283" classname="mainEvent.Run.BowlingFlowTC_08"/>
  <testcase name="OrderSummaryPageNavigationValidation" time="7.213" classname="mainEvent.Run.BowlingFlowTC_08"/>
  <testcase name="verifyDetailsOnOrdersummaryPage" time="23.695" classname="mainEvent.Run.BowlingFlowTC_08"/>
</testsuite> <!-- mainEvent.Run.BowlingFlowTC_08 -->
