<?xml version="1.0" encoding="UTF-8"?>
<!-- Generated by org.testng.reporters.JUnitReportReporter -->
<testsuite skipped="0" hostname="PC378359" name="test_automation_login.org.CognizantQA.MErun.Birthday_booking_flow_pre_prod" tests="8" failures="0" timestamp="21 Sep 2018 06:13:40 GMT" time="58.165" errors="0">
  <testcase name="verify_party_guest" time="2.979" classname="test_automation_login.org.CognizantQA.MErun.Birthday_booking_flow_pre_prod"/>
  <testcase name="verify_config_pkg" time="0.682" classname="test_automation_login.org.CognizantQA.MErun.Birthday_booking_flow_pre_prod"/>
  <testcase name="popup_close" time="9.253" classname="test_automation_login.org.CognizantQA.MErun.Birthday_booking_flow_pre_prod"/>
  <testcase name="verify_store_popup" time="6.246" classname="test_automation_login.org.CognizantQA.MErun.Birthday_booking_flow_pre_prod"/>
  <testcase name="verify_plan_a_party_find_page" time="16.037" classname="test_automation_login.org.CognizantQA.MErun.Birthday_booking_flow_pre_prod"/>
  <testcase name="verify_select_pkg_page" time="9.936" classname="test_automation_login.org.CognizantQA.MErun.Birthday_booking_flow_pre_prod"/>
  <testcase name="plan_a_party_page_and_heading_valiadtions" time="12.677" classname="test_automation_login.org.CognizantQA.MErun.Birthday_booking_flow_pre_prod"/>
  <testcase name="bday_book_bttn" time="0.355" classname="test_automation_login.org.CognizantQA.MErun.Birthday_booking_flow_pre_prod"/>
</testsuite> <!-- test_automation_login.org.CognizantQA.MErun.Birthday_booking_flow_pre_prod -->
