<?xml version="1.0" encoding="UTF-8"?>
<!-- Generated by org.testng.reporters.JUnitReportReporter -->
<testsuite skipped="0" hostname="PC441585" name="mainEvent.Run.BowlingFlowTC_05" tests="5" failures="0" timestamp="28 May 2019 11:08:38 GMT" time="130.098" errors="0">
  <testcase name="popupClose" time="11.689" classname="mainEvent.Run.BowlingFlowTC_05"/>
  <testcase name="BowlingReserveBttn" time="12.220" classname="mainEvent.Run.BowlingFlowTC_05"/>
  <testcase name="LocationSearchFunctionalityValidations" time="13.514" classname="mainEvent.Run.BowlingFlowTC_05"/>
  <testcase name="verifySearchLocationFillValidationAndNavigation" time="77.775" classname="mainEvent.Run.BowlingFlowTC_05"/>
  <testcase name="SelectTimePageValidations" time="14.900" classname="mainEvent.Run.BowlingFlowTC_05"/>
</testsuite> <!-- mainEvent.Run.BowlingFlowTC_05 -->
