<?xml version="1.0" encoding="UTF-8"?>
<!-- Generated by org.testng.reporters.JUnitReportReporter -->
<testsuite skipped="0" hostname="PC441585" name="mainEvent.Run.BowlingFlowTC_06" tests="6" failures="0" timestamp="28 May 2019 11:12:09 GMT" time="120.526" errors="0">
  <testcase name="popupClose" time="12.191" classname="mainEvent.Run.BowlingFlowTC_06"/>
  <testcase name="BowlingReserveBttn" time="13.314" classname="mainEvent.Run.BowlingFlowTC_06"/>
  <testcase name="LocationSearchFunctionalityValidations" time="14.270" classname="mainEvent.Run.BowlingFlowTC_06"/>
  <testcase name="verifySearchLocationFillValidationAndNavigation" time="59.861" classname="mainEvent.Run.BowlingFlowTC_06"/>
  <testcase name="SelectTimePageValidations" time="14.673" classname="mainEvent.Run.BowlingFlowTC_06"/>
  <testcase name="OrderSummaryPageNavigationValidation" time="6.217" classname="mainEvent.Run.BowlingFlowTC_06"/>
</testsuite> <!-- mainEvent.Run.BowlingFlowTC_06 -->
