<?xml version="1.0" encoding="UTF-8"?>
<!-- Generated by org.testng.reporters.JUnitReportReporter -->
<testsuite skipped="0" hostname="PC441585" name="mainEvent.Run.BowlingFlowTC_02" tests="3" failures="0" timestamp="21 May 2019 06:21:49 GMT" time="38.536" errors="0">
  <testcase name="popupClose" time="11.735" classname="mainEvent.Run.BowlingFlowTC_02"/>
  <testcase name="BowlingReserveBttn" time="12.603" classname="mainEvent.Run.BowlingFlowTC_02"/>
  <testcase name="LocationSearchFunctionalityValidations" time="14.198" classname="mainEvent.Run.BowlingFlowTC_02"/>
</testsuite> <!-- mainEvent.Run.BowlingFlowTC_02 -->
