<?xml version="1.0" encoding="UTF-8"?>
<!-- Generated by org.testng.reporters.JUnitReportReporter -->
<testsuite skipped="0" hostname="PC378359" name="Common_flow.Demo" tests="2" failures="0" timestamp="11 Sep 2018 05:34:55 GMT" time="9.712" errors="0">
  <testcase name="Test" time="9.278" classname="Common_flow.Demo"/>
  <testcase name="bday_book_bttn" time="0.434" classname="Common_flow.Demo"/>
</testsuite> <!-- Common_flow.Demo -->
