<?xml version="1.0" encoding="UTF-8"?>
<!-- Generated by org.testng.reporters.JUnitReportReporter -->
<testsuite skipped="0" hostname="PC441585" name="mainEvent.Run.BowlingFlowTC_04" tests="5" failures="0" timestamp="21 May 2019 11:17:31 GMT" time="114.617" errors="0">
  <testcase name="popupClose" time="11.249" classname="mainEvent.Run.BowlingFlowTC_04"/>
  <testcase name="BowlingReserveBttn" time="12.607" classname="mainEvent.Run.BowlingFlowTC_04"/>
  <testcase name="LocationSearchFunctionalityValidations" time="14.006" classname="mainEvent.Run.BowlingFlowTC_04"/>
  <testcase name="verifySearchLocationFillValidationAndNavigation" time="62.042" classname="mainEvent.Run.BowlingFlowTC_04"/>
  <testcase name="SelectTimePageValidations" time="14.713" classname="mainEvent.Run.BowlingFlowTC_04"/>
</testsuite> <!-- mainEvent.Run.BowlingFlowTC_04 -->
