<?xml version="1.0" encoding="UTF-8"?>
<!-- Generated by org.testng.reporters.JUnitReportReporter -->
<testsuite skipped="0" hostname="PC441585" name="mainEvent.Run.TC_01" tests="2" failures="0" timestamp="08 May 2019 07:40:50 GMT" time="22.956" errors="0">
  <testcase name="popupClose" time="12.186" classname="mainEvent.Run.TC_01"/>
  <testcase name="verifyBirthdayNavigationFunctionality" time="10.770" classname="mainEvent.Run.TC_01"/>
</testsuite> <!-- mainEvent.Run.TC_01 -->
