<?xml version="1.0" encoding="UTF-8"?>
<!-- Generated by org.testng.reporters.JUnitReportReporter -->
<testsuite skipped="9" hostname="PC378359" name="test_automation_login.org.CognizantQA.MErun.Birthday_booking_flow_production" tests="9" failures="0" timestamp="10 Sep 2018 09:41:56 GMT" time="0.000" errors="0">
  <testcase name="verifypopupclose" time="0.000" classname="test_automation_login.org.CognizantQA.MErun.Birthday_booking_flow_production">
    <skipped/>
  </testcase> <!-- verifypopupclose -->
  <testcase name="verifybook_birthday_page_by_click" time="0.000" classname="test_automation_login.org.CognizantQA.MErun.Birthday_booking_flow_production">
    <skipped/>
  </testcase> <!-- verifybook_birthday_page_by_click -->
  <testcase name="verifystore_popupmapviewflow" time="0.000" classname="test_automation_login.org.CognizantQA.MErun.Birthday_booking_flow_production">
    <skipped/>
  </testcase> <!-- verifystore_popupmapviewflow -->
  <testcase name="verifybday_page_by_keyboard" time="0.000" classname="test_automation_login.org.CognizantQA.MErun.Birthday_booking_flow_production">
    <skipped/>
  </testcase> <!-- verifybday_page_by_keyboard -->
  <testcase name="verify_guest_count_popup" time="0.000" classname="test_automation_login.org.CognizantQA.MErun.Birthday_booking_flow_production">
    <skipped/>
  </testcase> <!-- verify_guest_count_popup -->
  <testcase name="verify_birthday_book_bttn" time="0.000" classname="test_automation_login.org.CognizantQA.MErun.Birthday_booking_flow_production">
    <skipped/>
  </testcase> <!-- verify_birthday_book_bttn -->
  <testcase name="verifystorepopup_close" time="0.000" classname="test_automation_login.org.CognizantQA.MErun.Birthday_booking_flow_production">
    <skipped/>
  </testcase> <!-- verifystorepopup_close -->
  <testcase name="verify_select_package_page" time="0.000" classname="test_automation_login.org.CognizantQA.MErun.Birthday_booking_flow_production">
    <skipped/>
  </testcase> <!-- verify_select_package_page -->
  <testcase name="verifystore_popup" time="0.000" classname="test_automation_login.org.CognizantQA.MErun.Birthday_booking_flow_production">
    <skipped/>
  </testcase> <!-- verifystore_popup -->
</testsuite> <!-- test_automation_login.org.CognizantQA.MErun.Birthday_booking_flow_production -->
