<?xml version="1.0" encoding="UTF-8"?>
<!-- Generated by org.testng.reporters.JUnitReportReporter -->
<testsuite skipped="3" hostname="PC441585" name="mainEvent.Run.BowlingFlowTC_14" tests="12" failures="0" timestamp="11 Jul 2019 12:39:23 GMT" time="255.523" errors="0">
  <testcase name="popupClose" time="15.113" classname="mainEvent.Run.BowlingFlowTC_14"/>
  <testcase name="BowlingReserveBttn" time="11.767" classname="mainEvent.Run.BowlingFlowTC_14"/>
  <testcase name="LocationSearchFunctionalityValidations" time="37.167" classname="mainEvent.Run.BowlingFlowTC_14"/>
  <testcase name="LocationSearchFunctionalityValidations" time="28.500" classname="mainEvent.Run.BowlingFlowTC_14">
    <skipped/>
  </testcase> <!-- LocationSearchFunctionalityValidations -->
  <testcase name="verifySearchLocationFillValidationAndNavigation" time="65.685" classname="mainEvent.Run.BowlingFlowTC_14"/>
  <testcase name="SelectTimePageValidations" time="47.391" classname="mainEvent.Run.BowlingFlowTC_14"/>
  <testcase name="SelectTimePageValidations" time="19.036" classname="mainEvent.Run.BowlingFlowTC_14">
    <skipped/>
  </testcase> <!-- SelectTimePageValidations -->
  <testcase name="OrderSummaryPageNavigationValidation" time="5.887" classname="mainEvent.Run.BowlingFlowTC_14"/>
  <testcase name="verifyDetailsOnOrdersummaryPage" time="11.527" classname="mainEvent.Run.BowlingFlowTC_14"/>
  <testcase name="verifyPaymentPage" time="13.200" classname="mainEvent.Run.BowlingFlowTC_14"/>
  <testcase name="verifyPaymentPage_Go_back_home_button" time="0.184" classname="mainEvent.Run.BowlingFlowTC_14"/>
  <testcase name="verifyPaymentPage_Go_back_home_button" time="0.066" classname="mainEvent.Run.BowlingFlowTC_14">
    <skipped/>
  </testcase> <!-- verifyPaymentPage_Go_back_home_button -->
</testsuite> <!-- mainEvent.Run.BowlingFlowTC_14 -->
