<?xml version="1.0" encoding="UTF-8"?>
<!-- Generated by org.testng.reporters.JUnitReportReporter -->
<testsuite skipped="0" hostname="PC441585" name="mainEvent.Run.BirthdayFlowTC_01" tests="2" failures="0" timestamp="09 May 2019 08:40:07 GMT" time="22.101" errors="0">
  <testcase name="popupClose" time="12.030" classname="mainEvent.Run.BirthdayFlowTC_01"/>
  <testcase name="verifyBirthdayNavigationFunctionality" time="10.071" classname="mainEvent.Run.BirthdayFlowTC_01"/>
</testsuite> <!-- mainEvent.Run.BirthdayFlowTC_01 -->
