<?xml version="1.0" encoding="UTF-8"?>
<!-- Generated by org.testng.reporters.JUnitReportReporter -->
<testsuite skipped="0" hostname="PC441585" name="mainEvent.Run.BirthdayFlowTC_10" tests="10" failures="0" timestamp="14 May 2019 11:06:30 GMT" time="229.446" errors="0">
  <testcase name="popupClose" time="12.186" classname="mainEvent.Run.BirthdayFlowTC_10"/>
  <testcase name="verifyBirthdayNavigationFunctionality" time="9.113" classname="mainEvent.Run.BirthdayFlowTC_10"/>
  <testcase name="verifySearchLocationPage" time="15.839" classname="mainEvent.Run.BirthdayFlowTC_10"/>
  <testcase name="verifySearchLocationFillValidationAndNavigation" time="53.094" classname="mainEvent.Run.BirthdayFlowTC_10"/>
  <testcase name="verifySelectPackagePage" time="3.178" classname="mainEvent.Run.BirthdayFlowTC_10"/>
  <testcase name="verifyGuestCountPopup" time="6.580" classname="mainEvent.Run.BirthdayFlowTC_10"/>
  <testcase name="ConfigurePkgValidations" time="20.984" classname="mainEvent.Run.BirthdayFlowTC_10"/>
  <testcase name="Select_Party_time_popup_validations" time="16.294" classname="mainEvent.Run.BirthdayFlowTC_10"/>
  <testcase name="party_order_summary_validations" time="52.783" classname="mainEvent.Run.BirthdayFlowTC_10"/>
  <testcase name="Cart_page_modify_and_delete_button_validation" time="39.395" classname="mainEvent.Run.BirthdayFlowTC_10"/>
</testsuite> <!-- mainEvent.Run.BirthdayFlowTC_10 -->
