<?xml version="1.0" encoding="UTF-8"?>
<!-- Generated by org.testng.reporters.JUnitReportReporter -->
<testsuite skipped="0" hostname="PC441585" name="mainEvent.Run.BowlingFlowTC_03" tests="4" failures="0" timestamp="21 May 2019 10:19:33 GMT" time="100.227" errors="0">
  <testcase name="popupClose" time="12.218" classname="mainEvent.Run.BowlingFlowTC_03"/>
  <testcase name="BowlingReserveBttn" time="12.214" classname="mainEvent.Run.BowlingFlowTC_03"/>
  <testcase name="LocationSearchFunctionalityValidations" time="13.762" classname="mainEvent.Run.BowlingFlowTC_03"/>
  <testcase name="verifySearchLocationFillValidationAndNavigation" time="62.033" classname="mainEvent.Run.BowlingFlowTC_03"/>
</testsuite> <!-- mainEvent.Run.BowlingFlowTC_03 -->
