<?xml version="1.0" encoding="UTF-8"?>
<!-- Generated by org.testng.reporters.JUnitReportReporter -->
<testsuite skipped="0" hostname="PC441585" name="mainEvent.Run.BirthdayFlowTC_02" tests="4" failures="0" timestamp="09 May 2019 08:40:07 GMT" time="89.845" errors="0">
  <testcase name="popupClose" time="12.240" classname="mainEvent.Run.BirthdayFlowTC_02"/>
  <testcase name="verifyBirthdayNavigationFunctionality" time="9.589" classname="mainEvent.Run.BirthdayFlowTC_02"/>
  <testcase name="verifySearchLocationPage" time="15.439" classname="mainEvent.Run.BirthdayFlowTC_02"/>
  <testcase name="verifySearchLocationFillValidationAndNavigation" time="52.577" classname="mainEvent.Run.BirthdayFlowTC_02"/>
</testsuite> <!-- mainEvent.Run.BirthdayFlowTC_02 -->
