<?xml version="1.0" encoding="UTF-8"?>
<!-- Generated by org.testng.reporters.JUnitReportReporter -->
<testsuite skipped="0" hostname="PC378359" name="test_automation_login.org.CognizantQA.MErun.Bowling_flow_pre_prod" tests="11" failures="0" timestamp="13 Sep 2018 05:37:32 GMT" time="114.420" errors="0">
  <testcase name="verify_confirmation_page" time="31.914" classname="test_automation_login.org.CognizantQA.MErun.Bowling_flow_pre_prod"/>
  <testcase name="verify_cart_page" time="3.547" classname="test_automation_login.org.CognizantQA.MErun.Bowling_flow_pre_prod"/>
  <testcase name="verify_chk_out_reg_page" time="5.414" classname="test_automation_login.org.CognizantQA.MErun.Bowling_flow_pre_prod"/>
  <testcase name="verify_payment_page" time="5.671" classname="test_automation_login.org.CognizantQA.MErun.Bowling_flow_pre_prod"/>
  <testcase name="find_a_lane_page_heading_validations" time="0.343" classname="test_automation_login.org.CognizantQA.MErun.Bowling_flow_pre_prod"/>
  <testcase name="store_popup_validations" time="6.961" classname="test_automation_login.org.CognizantQA.MErun.Bowling_flow_pre_prod"/>
  <testcase name="verify_order_summary_page" time="7.844" classname="test_automation_login.org.CognizantQA.MErun.Bowling_flow_pre_prod"/>
  <testcase name="verify_bowling_reserve_bttn_functionality" time="6.366" classname="test_automation_login.org.CognizantQA.MErun.Bowling_flow_pre_prod"/>
  <testcase name="popupclose" time="9.184" classname="test_automation_login.org.CognizantQA.MErun.Bowling_flow_pre_prod"/>
  <testcase name="verify_select_time_page" time="20.887" classname="test_automation_login.org.CognizantQA.MErun.Bowling_flow_pre_prod"/>
  <testcase name="location_search_validations" time="16.289" classname="test_automation_login.org.CognizantQA.MErun.Bowling_flow_pre_prod"/>
</testsuite> <!-- test_automation_login.org.CognizantQA.MErun.Bowling_flow_pre_prod -->
