<?xml version="1.0" encoding="UTF-8"?>
<!-- Generated by org.testng.reporters.JUnitReportReporter -->
<testsuite skipped="0" hostname="PC441585" name="mainEvent.Run.BirthdayFlowTC_10" tests="10" failures="0" timestamp="05 Jul 2019 10:46:48 GMT" time="315.203" errors="0">
  <testcase name="popupClose" time="40.796" classname="mainEvent.Run.BirthdayFlowTC_10"/>
  <testcase name="verifyBirthdayNavigationFunctionality" time="8.285" classname="mainEvent.Run.BirthdayFlowTC_10"/>
  <testcase name="verifySearchLocationPage" time="14.749" classname="mainEvent.Run.BirthdayFlowTC_10"/>
  <testcase name="verifySearchLocationFillValidationAndNavigation" time="108.628" classname="mainEvent.Run.BirthdayFlowTC_10"/>
  <testcase name="verifySelectPackagePage" time="3.126" classname="mainEvent.Run.BirthdayFlowTC_10"/>
  <testcase name="verifyGuestCountPopup" time="5.451" classname="mainEvent.Run.BirthdayFlowTC_10"/>
  <testcase name="ConfigurePkgValidations" time="20.255" classname="mainEvent.Run.BirthdayFlowTC_10"/>
  <testcase name="Select_Party_time_popup_validations" time="15.387" classname="mainEvent.Run.BirthdayFlowTC_10"/>
  <testcase name="party_order_summary_validations" time="52.331" classname="mainEvent.Run.BirthdayFlowTC_10"/>
  <testcase name="Cart_page_modify_and_delete_button_validation" time="46.195" classname="mainEvent.Run.BirthdayFlowTC_10"/>
</testsuite> <!-- mainEvent.Run.BirthdayFlowTC_10 -->
