<?xml version="1.0" encoding="UTF-8"?>
<!-- Generated by org.testng.reporters.JUnitReportReporter -->
<testsuite skipped="0" hostname="PC441585" name="mainEvent.Run.BowlingFlowTC_13" tests="9" failures="0" timestamp="11 Jul 2019 11:06:46 GMT" time="164.015" errors="0">
  <testcase name="popupClose" time="15.416" classname="mainEvent.Run.BowlingFlowTC_13"/>
  <testcase name="BowlingReserveBttn" time="11.625" classname="mainEvent.Run.BowlingFlowTC_13"/>
  <testcase name="LocationSearchFunctionalityValidations" time="15.524" classname="mainEvent.Run.BowlingFlowTC_13"/>
  <testcase name="verifySearchLocationFillValidationAndNavigation" time="67.956" classname="mainEvent.Run.BowlingFlowTC_13"/>
  <testcase name="SelectTimePageValidations" time="18.330" classname="mainEvent.Run.BowlingFlowTC_13"/>
  <testcase name="OrderSummaryPageNavigationValidation" time="7.700" classname="mainEvent.Run.BowlingFlowTC_13"/>
  <testcase name="verifyDetailsOnOrdersummaryPage" time="11.540" classname="mainEvent.Run.BowlingFlowTC_13"/>
  <testcase name="verifyPaymentPage" time="12.713" classname="mainEvent.Run.BowlingFlowTC_13"/>
  <testcase name="verifyPaymentPage_Go_back_home_button" time="3.211" classname="mainEvent.Run.BowlingFlowTC_13"/>
</testsuite> <!-- mainEvent.Run.BowlingFlowTC_13 -->
