<?xml version="1.0" encoding="UTF-8"?>
<!-- Generated by org.testng.reporters.JUnitReportReporter -->
<testsuite skipped="0" hostname="PC441585" name="mainEvent.Run.BowlingFlowTC_01" tests="2" failures="0" timestamp="16 May 2019 10:51:26 GMT" time="23.339" errors="0">
  <testcase name="popupClose" time="10.299" classname="mainEvent.Run.BowlingFlowTC_01"/>
  <testcase name="BowlingReserveBttn" time="13.040" classname="mainEvent.Run.BowlingFlowTC_01"/>
</testsuite> <!-- mainEvent.Run.BowlingFlowTC_01 -->
