<?xml version="1.0" encoding="UTF-8"?>
<!-- Generated by org.testng.reporters.JUnitReportReporter -->
<testsuite skipped="0" hostname="PC441585" name="mainEvent.Run.TC_02" tests="4" failures="0" timestamp="08 May 2019 11:22:07 GMT" time="90.459" errors="0">
  <testcase name="popupClose" time="11.539" classname="mainEvent.Run.TC_02"/>
  <testcase name="verifyBirthdayNavigationFunctionality" time="10.534" classname="mainEvent.Run.TC_02"/>
  <testcase name="verifySearchLocationPage" time="15.476" classname="mainEvent.Run.TC_02"/>
  <testcase name="verifySearchLocationFillValidationAndNavigation" time="52.910" classname="mainEvent.Run.TC_02"/>
</testsuite> <!-- mainEvent.Run.TC_02 -->
