<?xml version="1.0" encoding="UTF-8"?>
<!-- Generated by org.testng.reporters.JUnitReportReporter -->
<testsuite skipped="0" hostname="PC378359" name="test_automation_login.org.CognizantQA.MErun.Funleague_flow_pre_prod" tests="12" failures="0" timestamp="14 Sep 2018 06:02:16 GMT" time="115.799" errors="0">
  <testcase name="verify_league_detail_page" time="11.888" classname="test_automation_login.org.CognizantQA.MErun.Funleague_flow_pre_prod"/>
  <testcase name="popupclose" time="9.315" classname="test_automation_login.org.CognizantQA.MErun.Funleague_flow_pre_prod"/>
  <testcase name="verify_cart_page" time="5.798" classname="test_automation_login.org.CognizantQA.MErun.Funleague_flow_pre_prod"/>
  <testcase name="verify_order_summary_navigation" time="1.000" classname="test_automation_login.org.CognizantQA.MErun.Funleague_flow_pre_prod"/>
  <testcase name="verify_order_summary_page" time="0.095" classname="test_automation_login.org.CognizantQA.MErun.Funleague_flow_pre_prod"/>
  <testcase name="verify_finda_league_page" time="16.547" classname="test_automation_login.org.CognizantQA.MErun.Funleague_flow_pre_prod"/>
  <testcase name="verify_store_popup_validations" time="6.663" classname="test_automation_login.org.CognizantQA.MErun.Funleague_flow_pre_prod"/>
  <testcase name="verify_payment_page" time="5.749" classname="test_automation_login.org.CognizantQA.MErun.Funleague_flow_pre_prod"/>
  <testcase name="verify_checkout_register_page" time="5.431" classname="test_automation_login.org.CognizantQA.MErun.Funleague_flow_pre_prod"/>
  <testcase name="verify_join_bttn_functionality" time="0.453" classname="test_automation_login.org.CognizantQA.MErun.Funleague_flow_pre_prod"/>
  <testcase name="verify_time_page_validation" time="12.152" classname="test_automation_login.org.CognizantQA.MErun.Funleague_flow_pre_prod"/>
  <testcase name="verify_confirmation_page" time="40.708" classname="test_automation_login.org.CognizantQA.MErun.Funleague_flow_pre_prod"/>
</testsuite> <!-- test_automation_login.org.CognizantQA.MErun.Funleague_flow_pre_prod -->
