<?xml version="1.0" encoding="UTF-8"?>
<!-- Generated by org.testng.reporters.JUnitReportReporter -->
<testsuite skipped="0" hostname="PC378359" name="test_automation_login.org.CognizantQA.MErun.Funleague_flow_production" tests="14" failures="0" timestamp="06 Sep 2018 12:45:37 GMT" time="96.121" errors="0">
  <testcase name="verifybowling_page_by_keyboard" time="0.336" classname="test_automation_login.org.CognizantQA.MErun.Funleague_flow_production"/>
  <testcase name="verifystore_popupmapviewflow" time="3.094" classname="test_automation_login.org.CognizantQA.MErun.Funleague_flow_production"/>
  <testcase name="verify_payment_page" time="4.365" classname="test_automation_login.org.CognizantQA.MErun.Funleague_flow_production"/>
  <testcase name="verify_join_funleague_bttn" time="0.420" classname="test_automation_login.org.CognizantQA.MErun.Funleague_flow_production"/>
  <testcase name="verify_funleague_findpage_byclick" time="20.070" classname="test_automation_login.org.CognizantQA.MErun.Funleague_flow_production"/>
  <testcase name="verifystorepopup_close" time="2.147" classname="test_automation_login.org.CognizantQA.MErun.Funleague_flow_production"/>
  <testcase name="verify_choose_leaguetime_page" time="18.363" classname="test_automation_login.org.CognizantQA.MErun.Funleague_flow_production"/>
  <testcase name="verifypopupclose" time="9.211" classname="test_automation_login.org.CognizantQA.MErun.Funleague_flow_production"/>
  <testcase name="verifystore_popup" time="0.980" classname="test_automation_login.org.CognizantQA.MErun.Funleague_flow_production"/>
  <testcase name="verify_enter_league_details_page" time="11.396" classname="test_automation_login.org.CognizantQA.MErun.Funleague_flow_production"/>
  <testcase name="verify_cart_page" time="2.369" classname="test_automation_login.org.CognizantQA.MErun.Funleague_flow_production"/>
  <testcase name="verify_register_page" time="5.190" classname="test_automation_login.org.CognizantQA.MErun.Funleague_flow_production"/>
  <testcase name="verify_order_summary_page" time="3.165" classname="test_automation_login.org.CognizantQA.MErun.Funleague_flow_production"/>
  <testcase name="verify_confirmation_page" time="15.015" classname="test_automation_login.org.CognizantQA.MErun.Funleague_flow_production"/>
</testsuite> <!-- test_automation_login.org.CognizantQA.MErun.Funleague_flow_production -->
