<?xml version="1.0" encoding="UTF-8"?>
<!-- Generated by org.testng.reporters.JUnitReportReporter -->
<testsuite skipped="7" hostname="PC378359" name="test_automation_login.org.CognizantQA.MErun.Bowling_lane_flow_production_site" tests="14" failures="0" timestamp="10 Sep 2018 05:51:39 GMT" time="35.651" errors="1">
  <testcase name="verifystorepopup_close" time="2.202" classname="test_automation_login.org.CognizantQA.MErun.Bowling_lane_flow_production_site"/>
  <testcase name="verify_slct_time_PAGE_only_buttons" time="0.000" classname="test_automation_login.org.CognizantQA.MErun.Bowling_lane_flow_production_site">
    <skipped/>
  </testcase> <!-- verify_slct_time_PAGE_only_buttons -->
  <testcase name="verify_confirmation_page" time="0.000" classname="test_automation_login.org.CognizantQA.MErun.Bowling_lane_flow_production_site">
    <skipped/>
  </testcase> <!-- verify_confirmation_page -->
  <testcase name="verify_slct_time_PAGE" time="0.000" classname="test_automation_login.org.CognizantQA.MErun.Bowling_lane_flow_production_site">
    <skipped/>
  </testcase> <!-- verify_slct_time_PAGE -->
  <testcase name="verify_register_page" time="0.000" classname="test_automation_login.org.CognizantQA.MErun.Bowling_lane_flow_production_site">
    <skipped/>
  </testcase> <!-- verify_register_page -->
  <testcase name="verifypopupclose" time="8.267" classname="test_automation_login.org.CognizantQA.MErun.Bowling_lane_flow_production_site"/>
  <testcase name="verifystore_popup" time="0.726" classname="test_automation_login.org.CognizantQA.MErun.Bowling_lane_flow_production_site"/>
  <testcase name="verify_order_summary_page" time="0.000" classname="test_automation_login.org.CognizantQA.MErun.Bowling_lane_flow_production_site">
    <skipped/>
  </testcase> <!-- verify_order_summary_page -->
  <testcase name="verifybowling_page_by_click" time="20.615" classname="test_automation_login.org.CognizantQA.MErun.Bowling_lane_flow_production_site"/>
  <testcase name="verifyreserve_bttn" time="0.302" classname="test_automation_login.org.CognizantQA.MErun.Bowling_lane_flow_production_site"/>
  <testcase name="verifystore_popupmapviewflow" time="3.120" classname="test_automation_login.org.CognizantQA.MErun.Bowling_lane_flow_production_site">
    <error type="java.lang.NullPointerException">
      <![CDATA[java.lang.NullPointerException
at test_automation_login.org.CognizantQA.MErun.Bowling_lane_flow_production_site.verifystore_popupmapviewflow(Bowling_lane_flow_production_site.java:347)
at sun.reflect.NativeMethodAccessorImpl.invoke0(Native Method)
at sun.reflect.NativeMethodAccessorImpl.invoke(Unknown Source)
at sun.reflect.DelegatingMethodAccessorImpl.invoke(Unknown Source)
at java.lang.reflect.Method.invoke(Unknown Source)
at org.testng.internal.MethodInvocationHelper.invokeMethod(MethodInvocationHelper.java:124)
at org.testng.internal.Invoker.invokeMethod(Invoker.java:580)
at org.testng.internal.Invoker.invokeTestMethod(Invoker.java:716)
at org.testng.internal.Invoker.invokeTestMethods(Invoker.java:988)
at org.testng.internal.TestMethodWorker.invokeTestMethods(TestMethodWorker.java:125)
at org.testng.internal.TestMethodWorker.run(TestMethodWorker.java:109)
at org.testng.TestRunner.privateRun(TestRunner.java:648)
at org.testng.TestRunner.run(TestRunner.java:505)
at org.testng.SuiteRunner.runTest(SuiteRunner.java:455)
at org.testng.SuiteRunner.runSequentially(SuiteRunner.java:450)
at org.testng.SuiteRunner.privateRun(SuiteRunner.java:415)
at org.testng.SuiteRunner.run(SuiteRunner.java:364)
at org.testng.SuiteRunnerWorker.runSuite(SuiteRunnerWorker.java:52)
at org.testng.SuiteRunnerWorker.run(SuiteRunnerWorker.java:84)
at org.testng.TestNG.runSuitesSequentially(TestNG.java:1208)
at org.testng.TestNG.runSuitesLocally(TestNG.java:1137)
at org.testng.TestNG.runSuites(TestNG.java:1049)
at org.testng.TestNG.run(TestNG.java:1017)
at org.testng.remote.AbstractRemoteTestNG.run(AbstractRemoteTestNG.java:114)
at org.testng.remote.RemoteTestNG.initAndRun(RemoteTestNG.java:251)
at org.testng.remote.RemoteTestNG.main(RemoteTestNG.java:77)
]]>
    </error>
  </testcase> <!-- verifystore_popupmapviewflow -->
  <testcase name="verifybowling_page_by_keyboard" time="0.419" classname="test_automation_login.org.CognizantQA.MErun.Bowling_lane_flow_production_site"/>
  <testcase name="verify_cart_page" time="0.000" classname="test_automation_login.org.CognizantQA.MErun.Bowling_lane_flow_production_site">
    <skipped/>
  </testcase> <!-- verify_cart_page -->
  <testcase name="verify_payment_page" time="0.000" classname="test_automation_login.org.CognizantQA.MErun.Bowling_lane_flow_production_site">
    <skipped/>
  </testcase> <!-- verify_payment_page -->
</testsuite> <!-- test_automation_login.org.CognizantQA.MErun.Bowling_lane_flow_production_site -->
