<?xml version="1.0" encoding="UTF-8"?>
<!-- Generated by org.testng.reporters.JUnitReportReporter -->
<testsuite skipped="0" hostname="PC441585" name="mainEvent.Run.BirthdayFlowTC_04" tests="6" failures="0" timestamp="09 May 2019 08:40:07 GMT" time="100.803" errors="0">
  <testcase name="popupClose" time="12.521" classname="mainEvent.Run.BirthdayFlowTC_04"/>
  <testcase name="verifyBirthdayNavigationFunctionality" time="9.861" classname="mainEvent.Run.BirthdayFlowTC_04"/>
  <testcase name="verifySearchLocationPage" time="15.535" classname="mainEvent.Run.BirthdayFlowTC_04"/>
  <testcase name="verifySearchLocationFillValidationAndNavigation" time="53.137" classname="mainEvent.Run.BirthdayFlowTC_04"/>
  <testcase name="verifySelectPackagePage" time="3.187" classname="mainEvent.Run.BirthdayFlowTC_04"/>
  <testcase name="verifyGuestCountPopup" time="6.562" classname="mainEvent.Run.BirthdayFlowTC_04"/>
</testsuite> <!-- mainEvent.Run.BirthdayFlowTC_04 -->
