<?xml version="1.0" encoding="UTF-8"?>
<!-- Generated by org.testng.reporters.JUnitReportReporter -->
<testsuite skipped="0" hostname="PC378359" name="Common_testing_problems.Title_tag_validation_for_all_pages" tests="1" failures="0" timestamp="08 Jan 2019 10:43:57 GMT" time="199.353" errors="0">
  <testcase name="popupclose" time="199.353" classname="Common_testing_problems.Title_tag_validation_for_all_pages"/>
</testsuite> <!-- Common_testing_problems.Title_tag_validation_for_all_pages -->
