<?xml version="1.0" encoding="UTF-8"?>
<!-- Generated by org.testng.reporters.JUnitReportReporter -->
<testsuite skipped="0" hostname="PC441585" name="mainEvent.Run.BowlingFlowTC_09" tests="7" failures="0" timestamp="11 Jun 2019 08:31:39 GMT" time="137.274" errors="0">
  <testcase name="popupClose" time="12.136" classname="mainEvent.Run.BowlingFlowTC_09"/>
  <testcase name="BowlingReserveBttn" time="11.627" classname="mainEvent.Run.BowlingFlowTC_09"/>
  <testcase name="LocationSearchFunctionalityValidations" time="13.080" classname="mainEvent.Run.BowlingFlowTC_09"/>
  <testcase name="verifySearchLocationFillValidationAndNavigation" time="69.262" classname="mainEvent.Run.BowlingFlowTC_09"/>
  <testcase name="SelectTimePageValidations" time="13.627" classname="mainEvent.Run.BowlingFlowTC_09"/>
  <testcase name="OrderSummaryPageNavigationValidation" time="7.371" classname="mainEvent.Run.BowlingFlowTC_09"/>
  <testcase name="verifyDetailsOnOrdersummaryPage" time="10.171" classname="mainEvent.Run.BowlingFlowTC_09"/>
</testsuite> <!-- mainEvent.Run.BowlingFlowTC_09 -->
