<?xml version="1.0" encoding="UTF-8"?>
<!-- Generated by org.testng.reporters.JUnitReportReporter -->
<testsuite skipped="0" hostname="PC441585" name="mainEvent.Run.BowlingFlowTC_07" tests="7" failures="0" timestamp="26 Jun 2019 06:45:54 GMT" time="132.944" errors="0">
  <testcase name="popupClose" time="12.322" classname="mainEvent.Run.BowlingFlowTC_07"/>
  <testcase name="BowlingReserveBttn" time="14.470" classname="mainEvent.Run.BowlingFlowTC_07"/>
  <testcase name="LocationSearchFunctionalityValidations" time="13.276" classname="mainEvent.Run.BowlingFlowTC_07"/>
  <testcase name="verifySearchLocationFillValidationAndNavigation" time="63.399" classname="mainEvent.Run.BowlingFlowTC_07"/>
  <testcase name="SelectTimePageValidations" time="12.756" classname="mainEvent.Run.BowlingFlowTC_07"/>
  <testcase name="OrderSummaryPageNavigationValidation" time="8.087" classname="mainEvent.Run.BowlingFlowTC_07"/>
  <testcase name="verifyDetailsOnOrdersummaryPage" time="8.634" classname="mainEvent.Run.BowlingFlowTC_07"/>
</testsuite> <!-- mainEvent.Run.BowlingFlowTC_07 -->
