<?xml version="1.0" encoding="UTF-8"?>
<!-- Generated by org.testng.reporters.JUnitReportReporter -->
<testsuite skipped="0" hostname="PC441585" name="mainEvent.Run.BirthdayFlowTC_09" tests="10" failures="0" timestamp="13 May 2019 14:43:40 GMT" time="286.132" errors="0">
  <testcase name="popupClose" time="12.187" classname="mainEvent.Run.BirthdayFlowTC_09"/>
  <testcase name="verifyBirthdayNavigationFunctionality" time="9.198" classname="mainEvent.Run.BirthdayFlowTC_09"/>
  <testcase name="verifySearchLocationPage" time="15.639" classname="mainEvent.Run.BirthdayFlowTC_09"/>
  <testcase name="verifySearchLocationFillValidationAndNavigation" time="52.481" classname="mainEvent.Run.BirthdayFlowTC_09"/>
  <testcase name="verifySelectPackagePage" time="3.188" classname="mainEvent.Run.BirthdayFlowTC_09"/>
  <testcase name="verifyGuestCountPopup" time="6.911" classname="mainEvent.Run.BirthdayFlowTC_09"/>
  <testcase name="ConfigurePkgValidations" time="21.023" classname="mainEvent.Run.BirthdayFlowTC_09"/>
  <testcase name="Select_Party_time_popup_validations" time="13.138" classname="mainEvent.Run.BirthdayFlowTC_09"/>
  <testcase name="party_order_summary_validations" time="55.569" classname="mainEvent.Run.BirthdayFlowTC_09"/>
  <testcase name="Cart_page_modify_and_delete_button_validation" time="96.798" classname="mainEvent.Run.BirthdayFlowTC_09"/>
</testsuite> <!-- mainEvent.Run.BirthdayFlowTC_09 -->
