<?xml version="1.0" encoding="UTF-8"?>
<!-- Generated by org.testng.reporters.JUnitReportReporter -->
<testsuite skipped="0" hostname="PC441585" name="mainEvent.Run.BirthdayFlowTC_06" tests="8" failures="0" timestamp="09 May 2019 10:09:12 GMT" time="135.037" errors="0">
  <testcase name="popupClose" time="12.226" classname="mainEvent.Run.BirthdayFlowTC_06"/>
  <testcase name="verifyBirthdayNavigationFunctionality" time="10.065" classname="mainEvent.Run.BirthdayFlowTC_06"/>
  <testcase name="verifySearchLocationPage" time="15.468" classname="mainEvent.Run.BirthdayFlowTC_06"/>
  <testcase name="verifySearchLocationFillValidationAndNavigation" time="52.731" classname="mainEvent.Run.BirthdayFlowTC_06"/>
  <testcase name="verifySelectPackagePage" time="3.157" classname="mainEvent.Run.BirthdayFlowTC_06"/>
  <testcase name="verifyGuestCountPopup" time="6.566" classname="mainEvent.Run.BirthdayFlowTC_06"/>
  <testcase name="ConfigurePkgValidations" time="21.443" classname="mainEvent.Run.BirthdayFlowTC_06"/>
  <testcase name="Select_Party_time_popup_validations" time="13.381" classname="mainEvent.Run.BirthdayFlowTC_06"/>
</testsuite> <!-- mainEvent.Run.BirthdayFlowTC_06 -->
