<?xml version="1.0" encoding="UTF-8"?>
<!-- Generated by org.testng.reporters.JUnitReportReporter -->
<testsuite skipped="0" hostname="PC441585" name="mainEvent.Run.BowlingFlowTC_11" tests="7" failures="0" timestamp="08 Jul 2019 08:22:24 GMT" time="143.824" errors="0">
  <testcase name="popupClose" time="14.250" classname="mainEvent.Run.BowlingFlowTC_11"/>
  <testcase name="BowlingReserveBttn" time="11.794" classname="mainEvent.Run.BowlingFlowTC_11"/>
  <testcase name="LocationSearchFunctionalityValidations" time="15.612" classname="mainEvent.Run.BowlingFlowTC_11"/>
  <testcase name="verifySearchLocationFillValidationAndNavigation" time="65.460" classname="mainEvent.Run.BowlingFlowTC_11"/>
  <testcase name="SelectTimePageValidations" time="16.407" classname="mainEvent.Run.BowlingFlowTC_11"/>
  <testcase name="OrderSummaryPageNavigationValidation" time="8.641" classname="mainEvent.Run.BowlingFlowTC_11"/>
  <testcase name="verifyDetailsOnOrdersummaryPage" time="11.660" classname="mainEvent.Run.BowlingFlowTC_11"/>
</testsuite> <!-- mainEvent.Run.BowlingFlowTC_11 -->
