<?xml version="1.0" encoding="UTF-8"?>
<!-- Generated by org.testng.reporters.JUnitReportReporter -->
<testsuite skipped="0" hostname="PC441585" name="mainEvent.Run.BirthdayFlowTC_03" tests="5" failures="0" timestamp="09 May 2019 08:40:07 GMT" time="103.031" errors="0">
  <testcase name="popupClose" time="12.235" classname="mainEvent.Run.BirthdayFlowTC_03"/>
  <testcase name="verifyBirthdayNavigationFunctionality" time="9.536" classname="mainEvent.Run.BirthdayFlowTC_03"/>
  <testcase name="verifySearchLocationPage" time="15.333" classname="mainEvent.Run.BirthdayFlowTC_03"/>
  <testcase name="verifySearchLocationFillValidationAndNavigation" time="52.565" classname="mainEvent.Run.BirthdayFlowTC_03"/>
  <testcase name="verifySelectPackagePage" time="13.362" classname="mainEvent.Run.BirthdayFlowTC_03"/>
</testsuite> <!-- mainEvent.Run.BirthdayFlowTC_03 -->
