<?xml version="1.0" encoding="UTF-8"?>
<!-- Generated by org.testng.reporters.JUnitReportReporter -->
<testsuite skipped="0" hostname="PC378359" name="Common_testing_problems.Store_timings" tests="3" failures="0" timestamp="22 Jan 2019 13:09:52 GMT" time="479.356" errors="0">
  <testcase name="click_location_button_enter_location" time="0.001" classname="Common_testing_problems.Store_timings"/>
  <testcase name="popupclose" time="17.560" classname="Common_testing_problems.Store_timings"/>
  <testcase name="store_timing_print_validations" time="461.795" classname="Common_testing_problems.Store_timings"/>
</testsuite> <!-- Common_testing_problems.Store_timings -->
