<?xml version="1.0" encoding="UTF-8"?>
<!-- Generated by org.testng.reporters.JUnitReportReporter -->
<testsuite skipped="0" hostname="PC378359" name="test_automation_login.org.CognizantQA.MErun.Logintest_for_production" tests="7" failures="0" timestamp="29 Aug 2018 06:11:21 GMT" time="39.199" errors="0">
  <testcase name="verifyAccountsignin" time="0.383" classname="test_automation_login.org.CognizantQA.MErun.Logintest_for_production"/>
  <testcase name="wrong_emailid_login" time="2.574" classname="test_automation_login.org.CognizantQA.MErun.Logintest_for_production"/>
  <testcase name="verifyAccountLogout" time="4.587" classname="test_automation_login.org.CognizantQA.MErun.Logintest_for_production"/>
  <testcase name="verifypopupclose" time="8.258" classname="test_automation_login.org.CognizantQA.MErun.Logintest_for_production"/>
  <testcase name="wrong_user_login" time="4.762" classname="test_automation_login.org.CognizantQA.MErun.Logintest_for_production"/>
  <testcase name="verifysignin_valid_cred" time="11.378" classname="test_automation_login.org.CognizantQA.MErun.Logintest_for_production"/>
  <testcase name="verifyAccountlogin_with_invalid_password" time="7.257" classname="test_automation_login.org.CognizantQA.MErun.Logintest_for_production"/>
</testsuite> <!-- test_automation_login.org.CognizantQA.MErun.Logintest_for_production -->
