<?xml version="1.0" encoding="UTF-8"?>
<!-- Generated by org.testng.reporters.JUnitReportReporter -->
<testsuite skipped="0" hostname="PC441585" name="mainEvent.Run.BirthdayFlowTC_08" tests="9" failures="0" timestamp="13 May 2019 06:44:19 GMT" time="186.646" errors="0">
  <testcase name="popupClose" time="10.216" classname="mainEvent.Run.BirthdayFlowTC_08"/>
  <testcase name="verifyBirthdayNavigationFunctionality" time="11.579" classname="mainEvent.Run.BirthdayFlowTC_08"/>
  <testcase name="verifySearchLocationPage" time="15.708" classname="mainEvent.Run.BirthdayFlowTC_08"/>
  <testcase name="verifySearchLocationFillValidationAndNavigation" time="52.962" classname="mainEvent.Run.BirthdayFlowTC_08"/>
  <testcase name="verifySelectPackagePage" time="3.193" classname="mainEvent.Run.BirthdayFlowTC_08"/>
  <testcase name="verifyGuestCountPopup" time="6.286" classname="mainEvent.Run.BirthdayFlowTC_08"/>
  <testcase name="ConfigurePkgValidations" time="21.271" classname="mainEvent.Run.BirthdayFlowTC_08"/>
  <testcase name="Select_Party_time_popup_validations" time="12.744" classname="mainEvent.Run.BirthdayFlowTC_08"/>
  <testcase name="party_order_summary_validations" time="52.687" classname="mainEvent.Run.BirthdayFlowTC_08"/>
</testsuite> <!-- mainEvent.Run.BirthdayFlowTC_08 -->
