<?xml version="1.0" encoding="UTF-8"?>
<!-- Generated by org.testng.reporters.JUnitReportReporter -->
<testsuite skipped="0" hostname="PC441585" name="Common_testing_problems.Regression_checklist_UAT" tests="8" failures="0" timestamp="29 Apr 2019 12:43:21 GMT" time="171.981" errors="0">
  <testcase name="verify_select_time_page" time="14.088" classname="Common_testing_problems.Regression_checklist_UAT"/>
  <testcase name="verify_cart_page" time="29.881" classname="Common_testing_problems.Regression_checklist_UAT"/>
  <testcase name="verify_bowling_navigation_functionality" time="8.417" classname="Common_testing_problems.Regression_checklist_UAT"/>
  <testcase name="popupclose" time="15.319" classname="Common_testing_problems.Regression_checklist_UAT"/>
  <testcase name="verify_checkout_page" time="9.335" classname="Common_testing_problems.Regression_checklist_UAT"/>
  <testcase name="verify_location_search" time="44.477" classname="Common_testing_problems.Regression_checklist_UAT"/>
  <testcase name="verify_bowling_lane_page_heading_validations" time="0.814" classname="Common_testing_problems.Regression_checklist_UAT"/>
  <testcase name="verify_ordersummary_page" time="49.650" classname="Common_testing_problems.Regression_checklist_UAT"/>
</testsuite> <!-- Common_testing_problems.Regression_checklist_UAT -->
