<?xml version="1.0" encoding="UTF-8"?>
<!-- Generated by org.testng.reporters.JUnitReportReporter -->
<testsuite skipped="0" hostname="PC441585" name="mainEvent.Run.HomePageFlowTC_01" tests="3" failures="0" timestamp="16 May 2019 09:25:16 GMT" time="145.128" errors="0">
  <testcase name="popupClose" time="11.333" classname="mainEvent.Run.HomePageFlowTC_01"/>
  <testcase name="homepage_validations" time="27.386" classname="mainEvent.Run.HomePageFlowTC_01"/>
  <testcase name="BookNowHeaderSectionsValidations" time="106.409" classname="mainEvent.Run.HomePageFlowTC_01"/>
</testsuite> <!-- mainEvent.Run.HomePageFlowTC_01 -->
