<?xml version="1.0" encoding="UTF-8"?>
<!-- Generated by org.testng.reporters.JUnitReportReporter -->
<testsuite skipped="0" hostname="PC441585" name="Birthday_common_flow.TestReport" tests="1" failures="0" timestamp="26 Jun 2019 14:00:14 GMT" time="0.014" errors="0">
  <testcase name="f" time="0.014" classname="Birthday_common_flow.TestReport"/>
</testsuite> <!-- Birthday_common_flow.TestReport -->
